[0705/014706.583:WARNING:storage_block-inl.h(146)] Failed data load.
[0705/014707.288:WARNING:storage_block-inl.h(146)] Failed data load.
[0705/014707.482:WARNING:value_store_frontend.cc(45)] Reading mhjfbmdgcfjbbpaeojofohoefgiehjai.alarms from  failed: IO error: .../MANIFEST-000001: Unable to create sequential file (ChromeMethodBFE: 7::NewSequentialFile::1)
[0705/014708.042:ERROR:backend_impl.cc(1041)] Critical error found -8
[0705/014708.043:ERROR:entry_impl.cc(1075)] No file for b3020010
[0705/014708.043:WARNING:storage_block-inl.h(146)] Failed data load.
[0705/014708.043:WARNING:storage_block-inl.h(146)] Failed data load.
[0705/014708.043:WARNING:storage_block-inl.h(146)] Failed data load.
[0705/014708.043:WARNING:storage_block-inl.h(146)] Failed data load.
[0705/014708.043:ERROR:entry_impl.cc(1075)] No file for b3020014
[0705/014708.043:WARNING:storage_block-inl.h(146)] Failed data load.
[0705/014708.043:WARNING:storage_block-inl.h(146)] Failed data load.
[0705/014708.043:WARNING:storage_block-inl.h(146)] Failed data load.
[0705/014708.043:WARNING:storage_block-inl.h(146)] Failed data load.
[0705/014708.043:ERROR:entry_impl.cc(1075)] No file for c0030028
[0705/014708.043:WARNING:storage_block-inl.h(146)] Failed data load.
[0705/014708.043:WARNING:storage_block-inl.h(146)] Failed data load.
[0705/014708.045:WARNING:storage_block-inl.h(146)] Failed data load.
[0705/014708.045:WARNING:storage_block-inl.h(146)] Failed data load.
[0705/014708.045:ERROR:entry_impl.cc(1075)] No file for b302000c
[0705/014708.045:WARNING:storage_block-inl.h(146)] Failed data load.
[0705/014708.045:WARNING:storage_block-inl.h(146)] Failed data load.
[0705/014708.045:WARNING:storage_block-inl.h(146)] Failed data load.
[0705/014708.045:WARNING:storage_block-inl.h(146)] Failed data load.
[0705/014708.045:ERROR:entry_impl.cc(1075)] No file for c103002e
[0705/014708.045:WARNING:storage_block-inl.h(146)] Failed data load.
[0705/014708.045:WARNING:storage_block-inl.h(146)] Failed data load.
[0705/014708.045:WARNING:storage_block-inl.h(146)] Failed data load.
[0705/014708.045:WARNING:storage_block-inl.h(146)] Failed data load.
[0705/014708.045:ERROR:entry_impl.cc(1075)] No file for c1030034
[0705/014708.045:WARNING:storage_block-inl.h(146)] Failed data load.
[0705/014708.045:WARNING:storage_block-inl.h(146)] Failed data load.
[0705/014708.045:WARNING:storage_block-inl.h(146)] Failed data load.
[0705/014708.045:WARNING:storage_block-inl.h(146)] Failed data load.
[0705/014708.045:ERROR:entry_impl.cc(1075)] No file for c1030036
[0705/014708.045:WARNING:storage_block-inl.h(146)] Failed data load.
[0705/014708.045:WARNING:storage_block-inl.h(146)] Failed data load.
[0705/014708.045:WARNING:storage_block-inl.h(146)] Failed data load.
[0705/014708.045:WARNING:storage_block-inl.h(146)] Failed data load.
[0705/014708.045:ERROR:entry_impl.cc(1075)] No file for b3020038
[0705/014708.046:WARNING:storage_block-inl.h(146)] Failed data load.
[0705/014708.046:WARNING:storage_block-inl.h(146)] Failed data load.
[0705/014708.046:WARNING:storage_block-inl.h(146)] Failed data load.
[0705/014708.046:WARNING:storage_block-inl.h(146)] Failed data load.
[0705/014708.046:WARNING:storage_block-inl.h(146)] Failed data load.
[0705/014708.046:WARNING:storage_block-inl.h(146)] Failed data load.
[0705/014708.046:WARNING:storage_block-inl.h(146)] Failed data load.
[0705/014708.047:WARNING:storage_block-inl.h(146)] Failed data load.
[0705/014800.680:WARNING:spdy_session.cc(3431)] Received HEADERS for invalid stream 391
[0705/014803.268:WARNING:angle_platform_impl.cc(48)] HLSLCompiler.cpp:257 (compileToBinary): 
C:\fakepath(102,1-6): warning X4000: use of potentially uninitialized variable (dyn_index_vec4_float4)

[0705/014803.414:WARNING:angle_platform_impl.cc(48)] HLSLCompiler.cpp:257 (compileToBinary): 
C:\fakepath(125,1): warning X4000: use of potentially uninitialized variable (f_mainImage)

[0705/014803.556:WARNING:angle_platform_impl.cc(48)] HLSLCompiler.cpp:257 (compileToBinary): 
C:\fakepath(135,1): warning X4000: use of potentially uninitialized variable (f_i)
C:\fakepath(137,1): warning X4000: use of potentially uninitialized variable (f_i)
C:\fakepath(173,1): warning X4000: use of potentially uninitialized variable (f_u)

[0705/014804.081:WARNING:angle_platform_impl.cc(48)] HLSLCompiler.cpp:257 (compileToBinary): 
C:\fakepath(165,1): warning X4000: use of potentially uninitialized variable (f_renderMipMapLevel)

[0705/014804.703:ERROR:gl_utils.cc(314)] [.WebGL-0000062EE8F15C00] GL_INVALID_OPERATION: Two textures of different types use the same sampler location.
[0705/014804.745:ERROR:gl_utils.cc(314)] [.WebGL-0000062EE8F15C00] GL_INVALID_OPERATION: Two textures of different types use the same sampler location.
[0705/014906.229:ERROR:gpu_init.cc(426)] Passthrough is not supported, GL is disabled
